<?xml version="1.0" encoding="UTF-8"?>
<!-- Generated by org.testng.reporters.JUnitReportReporter -->
<testsuite skipped="0" hostname="INFOVITY-LT-187" name="HeadlessChrome.HeadlessChromeDemo" tests="1" failures="0" timestamp="07 Feb 2020 06:03:09 GMT" time="12.691" errors="0">
  <testcase name="HeadlessChrome01" time="12.691" classname="HeadlessChrome.HeadlessChromeDemo"/>
</testsuite> <!-- HeadlessChrome.HeadlessChromeDemo -->
