<?xml version="1.0" encoding="UTF-8"?>
<!-- Generated by org.testng.reporters.JUnitReportReporter -->
<testsuite skipped="2" hostname="INFOVITY-LT-187" name="test.TestNGDemo" tests="2" failures="0" timestamp="03 Feb 2020 10:04:47 GMT" time="0.000" errors="0">
  <testcase name="googleSearch" time="0.000" classname="test.TestNGDemo">
    <skipped/>
  </testcase> <!-- googleSearch -->
  <testcase name="TestPageObjectMethod" time="0.000" classname="test.TestNGDemo">
    <skipped/>
  </testcase> <!-- TestPageObjectMethod -->
</testsuite> <!-- test.TestNGDemo -->
