<?xml version="1.0" encoding="UTF-8"?>
<!-- Generated by org.testng.reporters.JUnitReportReporter -->
<testsuite skipped="0" hostname="INFOVITY-LT-187" name="test.ExtentReportsTestNGDemo" tests="2" failures="0" timestamp="04 Feb 2020 06:18:35 GMT" time="9.744" errors="0">
  <testcase name="TestPageObjectMethod" time="4.550" classname="test.ExtentReportsTestNGDemo"/>
  <testcase name="googleSearchMethod" time="5.194" classname="test.ExtentReportsTestNGDemo"/>
</testsuite> <!-- test.ExtentReportsTestNGDemo -->
